<?xml version="1.0" encoding="UTF-8"?>
<testng-results ignored="0" total="1" passed="1" failed="0" skipped="0">
  <reporter-output>
  </reporter-output>
  <suite started-at="2021-03-25T19:49:16 IST" name="Suite" finished-at="2021-03-25T19:50:40 IST" duration-ms="84143">
    <groups>
    </groups>
    <test started-at="2021-03-25T19:49:16 IST" name="Test" finished-at="2021-03-25T19:50:40 IST" duration-ms="84143">
      <class name="testScenario.Login.LoginTest01">
        <test-method is-config="true" signature="initializeDriver(java.lang.String)[pri:0, instance:testScenario.Login.LoginTest01@2abf4075]" started-at="2021-03-25T19:49:16 IST" name="initializeDriver" finished-at="2021-03-25T19:50:11 IST" duration-ms="54631" status="PASS">
          <params>
            <param index="0">
              <value>
                <![CDATA[Chrome]]>
              </value>
            </param>
          </params>
          <reporter-output>
          </reporter-output>
        </test-method> <!-- initializeDriver -->
        <test-method signature="checkLogin()[pri:0, instance:testScenario.Login.LoginTest01@2abf4075]" started-at="2021-03-25T19:50:11 IST" name="checkLogin" finished-at="2021-03-25T19:50:40 IST" duration-ms="29322" status="PASS">
          <reporter-output>
          </reporter-output>
        </test-method> <!-- checkLogin -->
        <test-method is-config="true" signature="closeDriver()[pri:0, instance:testScenario.Login.LoginTest01@2abf4075]" started-at="2021-03-25T19:50:40 IST" name="closeDriver" finished-at="2021-03-25T19:50:40 IST" duration-ms="1" status="PASS">
          <reporter-output>
          </reporter-output>
        </test-method> <!-- closeDriver -->
      </class> <!-- testScenario.Login.LoginTest01 -->
    </test> <!-- Test -->
  </suite> <!-- Suite -->
</testng-results>
